app/app/outputs/logs/manifest-merger-debug-report.txt
-- Merging decision tree log ---
manifest
ADDED from src/main/AndroidManifest.xml:2:1-42:12
INJECTED from src/main/AndroidManifest.xml:2:1-42:12
INJECTED from src/main/AndroidManifest.xml:2:1-42:12
INJECTED from src/main/AndroidManifest.xml:2:1-42:12
MERGED from [com.android.volley:volley:1.2.1] AndroidManifest.xml:2:1-7:12
MERGED from [com.github.bumptech.glide:glide:4.15.1] AndroidManifest.xml:2:1-11:12
MERGED from [com.daimajia.slider:library:1.1.5] AndroidManifest.xml:2:1-14:12
MERGED from [com.yarolegovich:sliding-root-nav:1.1.1] AndroidManifest.xml:2:1-9:12
MERGED from [de.hdodenhof:circleimageview:3.1.0] AndroidManifest.xml:2:1-11:12
MERGED from [com.google.firebase:firebase-auth:21.2.0] AndroidManifest.xml:17:1-75:12
MERGED from [com.google.firebase:firebase-database:20.1.0] AndroidManifest.xml:15:1-37:12
MERGED from [com.google.android.material:material:1.8.0] AndroidManifest.xml:17:1-26:12
MERGED from [androidx.constraintlayout:constraintlayout:2.1.4] AndroidManifest.xml:2:1-11:12
MERGED from [androidx.appcompat:appcompat-resources:1.6.1] AndroidManifest.xml:17:1-22:12
MERGED from [androidx.appcompat:appcompat:1.6.1] AndroidManifest.xml:17:1-22:12
MERGED from [com.github.bumptech.glide:gifdecoder:4.15.1] AndroidManifest.xml:2:1-11:12
MERGED from [com.google.android.gms:play-services-auth-api-phone:17.4.0] AndroidManifest.xml:2:1-7:12
MERGED from [com.google.android.gms:play-services-safetynet:17.0.0] AndroidManifest.xml:17:1-24:12
MERGED from [com.google.android.recaptcha:recaptcha:18.0.1] AndroidManifest.xml:2:1-9:12
MERGED from [com.google.android.play:integrity:1.0.1] AndroidManifest.xml:2:1-7:12
MERGED from [com.google.firebase:firebase-auth-interop:20.0.0] AndroidManifest.xml:2:1-10:12
MERGED from [com.google.firebase:firebase-appcheck-interop:16.1.0] AndroidManifest.xml:15:1-25:12
MERGED from [com.google.firebase:firebase-common:20.2.0] AndroidManifest.xml:15:1-39:12
MERGED from [com.google.firebase:firebase-database-collection:18.0.1] AndroidManifest.xml:2:1-9:12
MERGED from [com.google.android.gms:play-services-base:18.0.1] AndroidManifest.xml:16:1-24:12
MERGED from [androidx.activity:activity:1.6.0] AndroidManifest.xml:17:1-22:12
MERGED from [androidx.dynamicanimation:dynamicanimation:1.0.0] AndroidManifest.xml:17:1-22:12
MERGED from [androidx.legacy:legacy-support-core-utils:1.0.0] AndroidManifest.xml:17:1-22:12
MERGED from [androidx.loader:loader:1.0.0] AndroidManifest.xml:17:1-22:12
MERGED from [androidx.lifecycle:lifecycle-viewmodel:2.5.1] AndroidManifest.xml:17:1-24:12
MERGED from [androidx.lifecycle:lifecycle-viewmodel-savedstate:2.5.1] AndroidManifest.xml:17:1-24:12
MERGED from [com.google.android.gms:play-services-tasks:18.0.2] AndroidManifest.xml:2:1-6:12
MERGED from [com.google.android.gms:play-services-basement:18.1.0] AndroidManifest.xml:16:1-26:12
MERGED from [androidx.viewpager2:viewpager2:1.0.0] AndroidManifest.xml:17:1-24:12
MERGED from [androidx.fragment:fragment:1.3.6] AndroidManifest.xml:17:1-24:12
MERGED from [androidx.vectordrawable:vectordrawable-animated:1.1.0] AndroidManifest.xml:17:1-24:12
MERGED from [androidx.exifinterface:exifinterface:1.3.3] AndroidManifest.xml:17:1-24:12
MERGED from [androidx.emoji2:emoji2-views-helper:1.2.0] AndroidManifest.xml:2:1-7:12
MERGED from [androidx.emoji2:emoji2:1.2.0] AndroidManifest.xml:17:1-35:12
MERGED from [androidx.lifecycle:lifecycle-process:2.4.1] AndroidManifest.xml:17:1-37:12
MERGED from [androidx.startup:startup-runtime:1.1.1] AndroidManifest.xml:17:1-33:12
MERGED from [androidx.tracing:tracing:1.0.0] AndroidManifest.xml:17:1-24:12
MERGED from [androidx.browser:browser:1.4.0] AndroidManifest.xml:17:1-24:12
MERGED from [androidx.localbroadcastmanager:localbroadcastmanager:1.0.0] AndroidManifest.xml:17:1-22:12
MERGED from [com.google.firebase:firebase-components:17.0.1] AndroidManifest.xml:15:1-23:12
MERGED from [androidx.drawerlayout:drawerlayout:1.1.1] AndroidManifest.xml:17:1-24:12
MERGED from [androidx.coordinatorlayout:coordinatorlayout:1.1.0] AndroidManifest.xml:17:1-24:12
MERGED from [androidx.transition:transition:1.2.0] AndroidManifest.xml:17:1-24:12
MERGED from [androidx.vectordrawable:vectordrawable:1.1.0] AndroidManifest.xml:17:1-24:12
MERGED from [androidx.viewpager:viewpager:1.0.0] AndroidManifest.xml:17:1-22:12
MERGED from [androidx.core:core-ktx:1.9.0] AndroidManifest.xml:2:1-7:12
MERGED from [androidx.recyclerview:recyclerview:1.1.0] AndroidManifest.xml:17:1-24:12
MERGED from [androidx.customview:customview:1.1.0] AndroidManifest.xml:17:1-24:12
MERGED from [androidx.core:core:1.9.0] AndroidManifest.xml:17:1-30:12
MERGED from [androidx.cursoradapter:cursoradapter:1.0.0] AndroidManifest.xml:17:1-22:12
MERGED from [androidx.lifecycle:lifecycle-runtime:2.5.1] AndroidManifest.xml:17:1-24:12
MERGED from [androidx.savedstate:savedstate:1.2.0] AndroidManifest.xml:17:1-24:12
MERGED from [androidx.cardview:cardview:1.0.0] AndroidManifest.xml:17:1-22:12
MERGED from [androidx.versionedparcelable:versionedparcelable:1.1.1] AndroidManifest.xml:17:1-27:12
MERGED from [androidx.interpolator:interpolator:1.0.0] AndroidManifest.xml:17:1-22:12
MERGED from [androidx.lifecycle:lifecycle-livedata:2.0.0] AndroidManifest.xml:17:1-22:12
MERGED from [androidx.lifecycle:lifecycle-livedata-core:2.5.1] AndroidManifest.xml:17:1-24:12
MERGED from [androidx.arch.core:core-runtime:2.1.0] AndroidManifest.xml:17:1-24:12
MERGED from [androidx.documentfile:documentfile:1.0.0] AndroidManifest.xml:17:1-22:12
MERGED from [androidx.print:print:1.0.0] AndroidManifest.xml:17:1-22:12
MERGED from [androidx.annotation:annotation-experimental:1.3.0] AndroidManifest.xml:17:1-22:12
INJECTED from src/main/AndroidManifest.xml:2:1-42:12
INJECTED from src/main/AndroidManifest.xml:2:1-42:12
INJECTED from src/main/AndroidManifest.xml:2:1-42:12
	package
		ADDED from src/main/AndroidManifest.xml:4:5-33
		INJECTED from src/main/AndroidManifest.xml
		INJECTED from src/main/AndroidManifest.xml
	android:versionName
		INJECTED from src/main/AndroidManifest.xml
		ADDED from src/main/AndroidManifest.xml:2:1-42:12
		INJECTED from src/main/AndroidManifest.xml
	xmlns:tools
		ADDED from src/main/AndroidManifest.xml:3:5-51
	android:versionCode
		INJECTED from src/main/AndroidManifest.xml
		ADDED from src/main/AndroidManifest.xml:2:1-42:12
		INJECTED from src/main/AndroidManifest.xml
	xmlns:android
		ADDED from src/main/AndroidManifest.xml:2:11-69
application
ADDED from src/main/AndroidManifest.xml:6:5-40:19
MERGED from [com.github.bumptech.glide:glide:4.15.1] AndroidManifest.xml:9:5-20
MERGED from [com.github.bumptech.glide:glide:4.15.1] AndroidManifest.xml:9:5-20
MERGED from [de.hdodenhof:circleimageview:3.1.0] AndroidManifest.xml:9:5-20
MERGED from [de.hdodenhof:circleimageview:3.1.0] AndroidManifest.xml:9:5-20
MERGED from [com.google.firebase:firebase-auth:21.2.0] AndroidManifest.xml:28:5-73:19
MERGED from [com.google.firebase:firebase-auth:21.2.0] AndroidManifest.xml:28:5-73:19
MERGED from [com.google.firebase:firebase-database:20.1.0] AndroidManifest.xml:27:5-35:19
MERGED from [com.google.firebase:firebase-database:20.1.0] AndroidManifest.xml:27:5-35:19
MERGED from [com.google.android.material:material:1.8.0] AndroidManifest.xml:24:5-20
MERGED from [com.google.android.material:material:1.8.0] AndroidManifest.xml:24:5-20
MERGED from [androidx.constraintlayout:constraintlayout:2.1.4] AndroidManifest.xml:9:5-20
MERGED from [androidx.constraintlayout:constraintlayout:2.1.4] AndroidManifest.xml:9:5-20
MERGED from [com.github.bumptech.glide:gifdecoder:4.15.1] AndroidManifest.xml:9:5-20
MERGED from [com.github.bumptech.glide:gifdecoder:4.15.1] AndroidManifest.xml:9:5-20
MERGED from [com.google.android.gms:play-services-safetynet:17.0.0] AndroidManifest.xml:22:5-20
MERGED from [com.google.android.gms:play-services-safetynet:17.0.0] AndroidManifest.xml:22:5-20
MERGED from [com.google.android.recaptcha:recaptcha:18.0.1] AndroidManifest.xml:7:5-20
MERGED from [com.google.android.recaptcha:recaptcha:18.0.1] AndroidManifest.xml:7:5-20
MERGED from [com.google.android.play:integrity:1.0.1] AndroidManifest.xml:5:5-6:19
MERGED from [com.google.android.play:integrity:1.0.1] AndroidManifest.xml:5:5-6:19
MERGED from [com.google.firebase:firebase-auth-interop:20.0.0] AndroidManifest.xml:7:5-8:19
MERGED from [com.google.firebase:firebase-auth-interop:20.0.0] AndroidManifest.xml:7:5-8:19
MERGED from [com.google.firebase:firebase-appcheck-interop:16.1.0] AndroidManifest.xml:23:5-20
MERGED from [com.google.firebase:firebase-appcheck-interop:16.1.0] AndroidManifest.xml:23:5-20
MERGED from [com.google.firebase:firebase-common:20.2.0] AndroidManifest.xml:24:5-37:19
MERGED from [com.google.firebase:firebase-common:20.2.0] AndroidManifest.xml:24:5-37:19
MERGED from [com.google.android.gms:play-services-base:18.0.1] AndroidManifest.xml:19:5-23:19
MERGED from [com.google.android.gms:play-services-base:18.0.1] AndroidManifest.xml:19:5-23:19
MERGED from [com.google.android.gms:play-services-tasks:18.0.2] AndroidManifest.xml:5:5-20
MERGED from [com.google.android.gms:play-services-tasks:18.0.2] AndroidManifest.xml:5:5-20
MERGED from [com.google.android.gms:play-services-basement:18.1.0] AndroidManifest.xml:20:5-24:19
MERGED from [com.google.android.gms:play-services-basement:18.1.0] AndroidManifest.xml:20:5-24:19
MERGED from [androidx.emoji2:emoji2:1.2.0] AndroidManifest.xml:23:5-33:19
MERGED from [androidx.emoji2:emoji2:1.2.0] AndroidManifest.xml:23:5-33:19
MERGED from [androidx.lifecycle:lifecycle-process:2.4.1] AndroidManifest.xml:25:5-35:19
MERGED from [androidx.lifecycle:lifecycle-process:2.4.1] AndroidManifest.xml:25:5-35:19
MERGED from [androidx.startup:startup-runtime:1.1.1] AndroidManifest.xml:25:5-31:19
MERGED from [androidx.startup:startup-runtime:1.1.1] AndroidManifest.xml:25:5-31:19
MERGED from [androidx.core:core:1.9.0] AndroidManifest.xml:28:5-89
MERGED from [androidx.core:core:1.9.0] AndroidManifest.xml:28:5-89
MERGED from [androidx.versionedparcelable:versionedparcelable:1.1.1] AndroidManifest.xml:24:5-25:19
MERGED from [androidx.versionedparcelable:versionedparcelable:1.1.1] AndroidManifest.xml:24:5-25:19
	android:appComponentFactory
		ADDED from [androidx.core:core:1.9.0] AndroidManifest.xml:28:18-86
	android:supportsRtl
		ADDED from src/main/AndroidManifest.xml:13:9-35
	android:label
		ADDED from src/main/AndroidManifest.xml:11:9-41
	android:fullBackupContent
		ADDED from src/main/AndroidManifest.xml:9:9-54
	android:roundIcon
		ADDED from src/main/AndroidManifest.xml:12:9-54
	tools:targetApi
		ADDED from src/main/AndroidManifest.xml:15:9-29
	android:icon
		ADDED from src/main/AndroidManifest.xml:10:9-43
	android:allowBackup
		ADDED from src/main/AndroidManifest.xml:7:9-35
	android:theme
		ADDED from src/main/AndroidManifest.xml:14:9-48
	android:dataExtractionRules
		ADDED from src/main/AndroidManifest.xml:8:9-65
activity#com.test.recipeapp.activity_favorite_recipes
ADDED from src/main/AndroidManifest.xml:16:9-18:40
	android:exported
		ADDED from src/main/AndroidManifest.xml:18:13-37
	android:name
		ADDED from src/main/AndroidManifest.xml:17:13-72
activity#com.test.recipeapp.activity_nutrition_detail
ADDED from src/main/AndroidManifest.xml:19:9-21:40
	android:exported
		ADDED from src/main/AndroidManifest.xml:21:13-37
	android:name
		ADDED from src/main/AndroidManifest.xml:20:13-72
activity#com.test.recipeapp.activity_recipe_detail
ADDED from src/main/AndroidManifest.xml:22:9-24:52
	android:screenOrientation
		ADDED from src/main/AndroidManifest.xml:24:13-49
	android:name
		ADDED from src/main/AndroidManifest.xml:23:13-69
activity#com.test.recipeapp.activity_register
ADDED from src/main/AndroidManifest.xml:25:9-27:52
	android:screenOrientation
		ADDED from src/main/AndroidManifest.xml:27:13-49
	android:name
		ADDED from src/main/AndroidManifest.xml:26:13-64
activity#com.test.recipeapp.MainActivity
ADDED from src/main/AndroidManifest.xml:28:9-30:52
	android:screenOrientation
		ADDED from src/main/AndroidManifest.xml:30:13-49
	android:name
		ADDED from src/main/AndroidManifest.xml:29:13-59
activity#com.test.recipeapp.activity_login
ADDED from src/main/AndroidManifest.xml:31:9-39:20
	android:exported
		ADDED from src/main/AndroidManifest.xml:33:13-36
	android:name
		ADDED from src/main/AndroidManifest.xml:32:13-61
intent-filter#action:name:android.intent.action.MAIN+category:name:android.intent.category.LAUNCHER
ADDED from src/main/AndroidManifest.xml:34:13-38:29
action#android.intent.action.MAIN
ADDED from src/main/AndroidManifest.xml:35:17-69
	android:name
		ADDED from src/main/AndroidManifest.xml:35:25-66
category#android.intent.category.LAUNCHER
ADDED from src/main/AndroidManifest.xml:37:17-77
	android:name
		ADDED from src/main/AndroidManifest.xml:37:27-74
uses-sdk
INJECTED from src/main/AndroidManifest.xml reason: use-sdk injection requested
INJECTED from src/main/AndroidManifest.xml
INJECTED from src/main/AndroidManifest.xml
MERGED from [com.android.volley:volley:1.2.1] AndroidManifest.xml:5:5-43
MERGED from [com.android.volley:volley:1.2.1] AndroidManifest.xml:5:5-43
MERGED from [com.github.bumptech.glide:glide:4.15.1] AndroidManifest.xml:5:5-7:41
MERGED from [com.github.bumptech.glide:glide:4.15.1] AndroidManifest.xml:5:5-7:41
MERGED from [com.daimajia.slider:library:1.1.5] AndroidManifest.xml:7:5-9:41
MERGED from [com.daimajia.slider:library:1.1.5] AndroidManifest.xml:7:5-9:41
MERGED from [com.yarolegovich:sliding-root-nav:1.1.1] AndroidManifest.xml:5:5-7:41
MERGED from [com.yarolegovich:sliding-root-nav:1.1.1] AndroidManifest.xml:5:5-7:41
MERGED from [de.hdodenhof:circleimageview:3.1.0] AndroidManifest.xml:5:5-7:41
MERGED from [de.hdodenhof:circleimageview:3.1.0] AndroidManifest.xml:5:5-7:41
MERGED from [com.google.firebase:firebase-auth:21.2.0] AndroidManifest.xml:21:5-23:64
MERGED from [com.google.firebase:firebase-auth:21.2.0] AndroidManifest.xml:21:5-23:64
MERGED from [com.google.firebase:firebase-database:20.1.0] AndroidManifest.xml:18:5-20:41
MERGED from [com.google.firebase:firebase-database:20.1.0] AndroidManifest.xml:18:5-20:41
MERGED from [com.google.android.material:material:1.8.0] AndroidManifest.xml:20:5-22:41
MERGED from [com.google.android.material:material:1.8.0] AndroidManifest.xml:20:5-22:41
MERGED from [androidx.constraintlayout:constraintlayout:2.1.4] AndroidManifest.xml:5:5-7:41
MERGED from [androidx.constraintlayout:constraintlayout:2.1.4] AndroidManifest.xml:5:5-7:41
MERGED from [androidx.appcompat:appcompat-resources:1.6.1] AndroidManifest.xml:20:5-44
MERGED from [androidx.appcompat:appcompat-resources:1.6.1] AndroidManifest.xml:20:5-44
MERGED from [androidx.appcompat:appcompat:1.6.1] AndroidManifest.xml:20:5-44
MERGED from [androidx.appcompat:appcompat:1.6.1] AndroidManifest.xml:20:5-44
MERGED from [com.github.bumptech.glide:gifdecoder:4.15.1] AndroidManifest.xml:5:5-7:41
MERGED from [com.github.bumptech.glide:gifdecoder:4.15.1] AndroidManifest.xml:5:5-7:41
MERGED from [com.google.android.gms:play-services-auth-api-phone:17.4.0] AndroidManifest.xml:5:5-44
MERGED from [com.google.android.gms:play-services-auth-api-phone:17.4.0] AndroidManifest.xml:5:5-44
MERGED from [com.google.android.gms:play-services-safetynet:17.0.0] AndroidManifest.xml:20:5-44
MERGED from [com.google.android.gms:play-services-safetynet:17.0.0] AndroidManifest.xml:20:5-44
MERGED from [com.google.android.recaptcha:recaptcha:18.0.1] AndroidManifest.xml:5:5-44
MERGED from [com.google.android.recaptcha:recaptcha:18.0.1] AndroidManifest.xml:5:5-44
MERGED from [com.google.android.play:integrity:1.0.1] AndroidManifest.xml:4:5-44
MERGED from [com.google.android.play:integrity:1.0.1] AndroidManifest.xml:4:5-44
MERGED from [com.google.firebase:firebase-auth-interop:20.0.0] AndroidManifest.xml:5:5-44
MERGED from [com.google.firebase:firebase-auth-interop:20.0.0] AndroidManifest.xml:5:5-44
MERGED from [com.google.firebase:firebase-appcheck-interop:16.1.0] AndroidManifest.xml:18:5-20:41
MERGED from [com.google.firebase:firebase-appcheck-interop:16.1.0] AndroidManifest.xml:18:5-20:41
MERGED from [com.google.firebase:firebase-common:20.2.0] AndroidManifest.xml:19:5-21:41
MERGED from [com.google.firebase:firebase-common:20.2.0] AndroidManifest.xml:19:5-21:41
MERGED from [com.google.firebase:firebase-database-collection:18.0.1] AndroidManifest.xml:5:5-7:41
MERGED from [com.google.firebase:firebase-database-collection:18.0.1] AndroidManifest.xml:5:5-7:41
MERGED from [com.google.android.gms:play-services-base:18.0.1] AndroidManifest.xml:18:5-43
MERGED from [com.google.android.gms:play-services-base:18.0.1] AndroidManifest.xml:18:5-43
MERGED from [androidx.activity:activity:1.6.0] AndroidManifest.xml:20:5-44
MERGED from [androidx.activity:activity:1.6.0] AndroidManifest.xml:20:5-44
MERGED from [androidx.dynamicanimation:dynamicanimation:1.0.0] AndroidManifest.xml:20:5-44
MERGED from [androidx.dynamicanimation:dynamicanimation:1.0.0] AndroidManifest.xml:20:5-44
MERGED from [androidx.legacy:legacy-support-core-utils:1.0.0] AndroidManifest.xml:20:5-44
MERGED from [androidx.legacy:legacy-support-core-utils:1.0.0] AndroidManifest.xml:20:5-44
MERGED from [androidx.loader:loader:1.0.0] AndroidManifest.xml:20:5-44
MERGED from [androidx.loader:loader:1.0.0] AndroidManifest.xml:20:5-44
MERGED from [androidx.lifecycle:lifecycle-viewmodel:2.5.1] AndroidManifest.xml:20:5-22:41
MERGED from [androidx.lifecycle:lifecycle-viewmodel:2.5.1] AndroidManifest.xml:20:5-22:41
MERGED from [androidx.lifecycle:lifecycle-viewmodel-savedstate:2.5.1] AndroidManifest.xml:20:5-22:41
MERGED from [androidx.lifecycle:lifecycle-viewmodel-savedstate:2.5.1] AndroidManifest.xml:20:5-22:41
MERGED from [com.google.android.gms:play-services-tasks:18.0.2] AndroidManifest.xml:4:5-43
MERGED from [com.google.android.gms:play-services-tasks:18.0.2] AndroidManifest.xml:4:5-43
MERGED from [com.google.android.gms:play-services-basement:18.1.0] AndroidManifest.xml:18:5-43
MERGED from [com.google.android.gms:play-services-basement:18.1.0] AndroidManifest.xml:18:5-43
MERGED from [androidx.viewpager2:viewpager2:1.0.0] AndroidManifest.xml:20:5-22:41
MERGED from [androidx.viewpager2:viewpager2:1.0.0] AndroidManifest.xml:20:5-22:41
MERGED from [androidx.fragment:fragment:1.3.6] AndroidManifest.xml:20:5-22:41
MERGED from [androidx.fragment:fragment:1.3.6] AndroidManifest.xml:20:5-22:41
MERGED from [androidx.vectordrawable:vectordrawable-animated:1.1.0] AndroidManifest.xml:20:5-22:41
MERGED from [androidx.vectordrawable:vectordrawable-animated:1.1.0] AndroidManifest.xml:20:5-22:41
MERGED from [androidx.exifinterface:exifinterface:1.3.3] AndroidManifest.xml:20:5-22:41
MERGED from [androidx.exifinterface:exifinterface:1.3.3] AndroidManifest.xml:20:5-22:41
MERGED from [androidx.emoji2:emoji2-views-helper:1.2.0] AndroidManifest.xml:5:5-44
MERGED from [androidx.emoji2:emoji2-views-helper:1.2.0] AndroidManifest.xml:5:5-44
MERGED from [androidx.emoji2:emoji2:1.2.0] AndroidManifest.xml:21:5-44
MERGED from [androidx.emoji2:emoji2:1.2.0] AndroidManifest.xml:21:5-44
MERGED from [androidx.lifecycle:lifecycle-process:2.4.1] AndroidManifest.xml:21:5-23:41
MERGED from [androidx.lifecycle:lifecycle-process:2.4.1] AndroidManifest.xml:21:5-23:41
MERGED from [androidx.startup:startup-runtime:1.1.1] AndroidManifest.xml:21:5-23:41
MERGED from [androidx.startup:startup-runtime:1.1.1] AndroidManifest.xml:21:5-23:41
MERGED from [androidx.tracing:tracing:1.0.0] AndroidManifest.xml:20:5-22:41
MERGED from [androidx.tracing:tracing:1.0.0] AndroidManifest.xml:20:5-22:41
MERGED from [androidx.browser:browser:1.4.0] AndroidManifest.xml:20:5-22:41
MERGED from [androidx.browser:browser:1.4.0] AndroidManifest.xml:20:5-22:41
MERGED from [androidx.localbroadcastmanager:localbroadcastmanager:1.0.0] AndroidManifest.xml:20:5-44
MERGED from [androidx.localbroadcastmanager:localbroadcastmanager:1.0.0] AndroidManifest.xml:20:5-44
MERGED from [com.google.firebase:firebase-components:17.0.1] AndroidManifest.xml:19:5-21:41
MERGED from [com.google.firebase:firebase-components:17.0.1] AndroidManifest.xml:19:5-21:41
MERGED from [androidx.drawerlayout:drawerlayout:1.1.1] AndroidManifest.xml:20:5-22:41
MERGED from [androidx.drawerlayout:drawerlayout:1.1.1] AndroidManifest.xml:20:5-22:41
MERGED from [androidx.coordinatorlayout:coordinatorlayout:1.1.0] AndroidManifest.xml:20:5-22:41
MERGED from [androidx.coordinatorlayout:coordinatorlayout:1.1.0] AndroidManifest.xml:20:5-22:41
MERGED from [androidx.transition:transition:1.2.0] AndroidManifest.xml:20:5-22:41
MERGED from [androidx.transition:transition:1.2.0] AndroidManifest.xml:20:5-22:41
MERGED from [androidx.vectordrawable:vectordrawable:1.1.0] AndroidManifest.xml:20:5-22:41
MERGED from [androidx.vectordrawable:vectordrawable:1.1.0] AndroidManifest.xml:20:5-22:41
MERGED from [androidx.viewpager:viewpager:1.0.0] AndroidManifest.xml:20:5-44
MERGED from [androidx.viewpager:viewpager:1.0.0] AndroidManifest.xml:20:5-44
MERGED from [androidx.core:core-ktx:1.9.0] AndroidManifest.xml:5:5-44
MERGED from [androidx.core:core-ktx:1.9.0] AndroidManifest.xml:5:5-44
MERGED from [androidx.recyclerview:recyclerview:1.1.0] AndroidManifest.xml:20:5-22:41
MERGED from [androidx.recyclerview:recyclerview:1.1.0] AndroidManifest.xml:20:5-22:41
MERGED from [androidx.customview:customview:1.1.0] AndroidManifest.xml:20:5-22:41
MERGED from [androidx.customview:customview:1.1.0] AndroidManifest.xml:20:5-22:41
MERGED from [androidx.core:core:1.9.0] AndroidManifest.xml:20:5-44
MERGED from [androidx.core:core:1.9.0] AndroidManifest.xml:20:5-44
MERGED from [androidx.cursoradapter:cursoradapter:1.0.0] AndroidManifest.xml:20:5-44
MERGED from [androidx.cursoradapter:cursoradapter:1.0.0] AndroidManifest.xml:20:5-44
MERGED from [androidx.lifecycle:lifecycle-runtime:2.5.1] AndroidManifest.xml:20:5-22:41
MERGED from [androidx.lifecycle:lifecycle-runtime:2.5.1] AndroidManifest.xml:20:5-22:41
MERGED from [androidx.savedstate:savedstate:1.2.0] AndroidManifest.xml:20:5-22:41
MERGED from [androidx.savedstate:savedstate:1.2.0] AndroidManifest.xml:20:5-22:41
MERGED from [androidx.cardview:cardview:1.0.0] AndroidManifest.xml:20:5-44
MERGED from [androidx.cardview:cardview:1.0.0] AndroidManifest.xml:20:5-44
MERGED from [androidx.versionedparcelable:versionedparcelable:1.1.1] AndroidManifest.xml:20:5-22:41
MERGED from [androidx.versionedparcelable:versionedparcelable:1.1.1] AndroidManifest.xml:20:5-22:41
MERGED from [androidx.interpolator:interpolator:1.0.0] AndroidManifest.xml:20:5-44
MERGED from [androidx.interpolator:interpolator:1.0.0] AndroidManifest.xml:20:5-44
MERGED from [androidx.lifecycle:lifecycle-livedata:2.0.0] AndroidManifest.xml:20:5-44
MERGED from [androidx.lifecycle:lifecycle-livedata:2.0.0] AndroidManifest.xml:20:5-44
MERGED from [androidx.lifecycle:lifecycle-livedata-core:2.5.1] AndroidManifest.xml:20:5-22:41
MERGED from [androidx.lifecycle:lifecycle-livedata-core:2.5.1] AndroidManifest.xml:20:5-22:41
MERGED from [androidx.arch.core:core-runtime:2.1.0] AndroidManifest.xml:20:5-22:41
MERGED from [androidx.arch.core:core-runtime:2.1.0] AndroidManifest.xml:20:5-22:41
MERGED from [androidx.documentfile:documentfile:1.0.0] AndroidManifest.xml:20:5-44
MERGED from [androidx.documentfile:documentfile:1.0.0] AndroidManifest.xml:20:5-44
MERGED from [androidx.print:print:1.0.0] AndroidManifest.xml:20:5-44
MERGED from [androidx.print:print:1.0.0] AndroidManifest.xml:20:5-44
MERGED from [androidx.annotation:annotation-experimental:1.3.0] AndroidManifest.xml:20:5-44
MERGED from [androidx.annotation:annotation-experimental:1.3.0] AndroidManifest.xml:20:5-44
INJECTED from src/main/AndroidManifest.xml
INJECTED from src/main/AndroidManifest.xml
	tools:overrideLibrary
		ADDED from [com.google.firebase:firebase-auth:21.2.0] AndroidManifest.xml:23:9-61
	android:targetSdkVersion
		INJECTED from src/main/AndroidManifest.xml
		ADDED from src/main/AndroidManifest.xml
		INJECTED from src/main/AndroidManifest.xml
	android:minSdkVersion
		INJECTED from src/main/AndroidManifest.xml
		ADDED from src/main/AndroidManifest.xml
		INJECTED from src/main/AndroidManifest.xml
uses-permission#android.permission.INTERNET
ADDED from [com.daimajia.slider:library:1.1.5] AndroidManifest.xml:11:5-67
MERGED from [com.google.firebase:firebase-auth:21.2.0] AndroidManifest.xml:25:5-67
MERGED from [com.google.firebase:firebase-auth:21.2.0] AndroidManifest.xml:25:5-67
MERGED from [com.google.firebase:firebase-database:20.1.0] AndroidManifest.xml:25:5-67
MERGED from [com.google.firebase:firebase-database:20.1.0] AndroidManifest.xml:25:5-67
	android:name
		ADDED from [com.daimajia.slider:library:1.1.5] AndroidManifest.xml:11:22-64
uses-permission#android.permission.WRITE_EXTERNAL_STORAGE
ADDED from [com.daimajia.slider:library:1.1.5] AndroidManifest.xml:12:5-81
	android:name
		ADDED from [com.daimajia.slider:library:1.1.5] AndroidManifest.xml:12:22-78
uses-permission#android.permission.READ_EXTERNAL_STORAGE
IMPLIED from src/main/AndroidManifest.xml:2:1-42:12 reason: com.daimajia.slider.library requested WRITE_EXTERNAL_STORAGE
uses-permission#android.permission.ACCESS_NETWORK_STATE
ADDED from [com.google.firebase:firebase-auth:21.2.0] AndroidManifest.xml:26:5-79
MERGED from [com.google.firebase:firebase-database:20.1.0] AndroidManifest.xml:24:5-79
MERGED from [com.google.firebase:firebase-database:20.1.0] AndroidManifest.xml:24:5-79
	android:name
		ADDED from [com.google.firebase:firebase-auth:21.2.0] AndroidManifest.xml:26:22-76
activity#com.google.firebase.auth.internal.GenericIdpActivity
ADDED from [com.google.firebase:firebase-auth:21.2.0] AndroidManifest.xml:29:9-46:20
	android:excludeFromRecents
		ADDED from [com.google.firebase:firebase-auth:21.2.0] AndroidManifest.xml:31:13-46
	android:launchMode
		ADDED from [com.google.firebase:firebase-auth:21.2.0] AndroidManifest.xml:33:13-44
	android:exported
		ADDED from [com.google.firebase:firebase-auth:21.2.0] AndroidManifest.xml:32:13-36
	android:theme
		ADDED from [com.google.firebase:firebase-auth:21.2.0] AndroidManifest.xml:34:13-72
	android:name
		ADDED from [com.google.firebase:firebase-auth:21.2.0] AndroidManifest.xml:30:13-80
intent-filter#action:name:android.intent.action.VIEW+category:name:android.intent.category.BROWSABLE+category:name:android.intent.category.DEFAULT+data:host:firebase.auth+data:path:/+data:scheme:genericidp
ADDED from [com.google.firebase:firebase-auth:21.2.0] AndroidManifest.xml:35:13-45:29
action#android.intent.action.VIEW
ADDED from [com.google.firebase:firebase-auth:21.2.0] AndroidManifest.xml:36:17-69
	android:name
		ADDED from [com.google.firebase:firebase-auth:21.2.0] AndroidManifest.xml:36:25-66
category#android.intent.category.DEFAULT
ADDED from [com.google.firebase:firebase-auth:21.2.0] AndroidManifest.xml:38:17-76
	android:name
		ADDED from [com.google.firebase:firebase-auth:21.2.0] AndroidManifest.xml:38:27-73
category#android.intent.category.BROWSABLE
ADDED from [com.google.firebase:firebase-auth:21.2.0] AndroidManifest.xml:39:17-78
	android:name
		ADDED from [com.google.firebase:firebase-auth:21.2.0] AndroidManifest.xml:39:27-75
data
ADDED from [com.google.firebase:firebase-auth:21.2.0] AndroidManifest.xml:41:17-44:51
	android:path
		ADDED from [com.google.firebase:firebase-auth:21.2.0] AndroidManifest.xml:43:21-37
	android:host
		ADDED from [com.google.firebase:firebase-auth:21.2.0] AndroidManifest.xml:42:21-49
	android:scheme
		ADDED from [com.google.firebase:firebase-auth:21.2.0] AndroidManifest.xml:44:21-48
activity#com.google.firebase.auth.internal.RecaptchaActivity
ADDED from [com.google.firebase:firebase-auth:21.2.0] AndroidManifest.xml:47:9-64:20
	android:excludeFromRecents
		ADDED from [com.google.firebase:firebase-auth:21.2.0] AndroidManifest.xml:49:13-46
	android:launchMode
		ADDED from [com.google.firebase:firebase-auth:21.2.0] AndroidManifest.xml:51:13-44
	android:exported
		ADDED from [com.google.firebase:firebase-auth:21.2.0] AndroidManifest.xml:50:13-36
	android:theme
		ADDED from [com.google.firebase:firebase-auth:21.2.0] AndroidManifest.xml:52:13-72
	android:name
		ADDED from [com.google.firebase:firebase-auth:21.2.0] AndroidManifest.xml:48:13-79
intent-filter#action:name:android.intent.action.VIEW+category:name:android.intent.category.BROWSABLE+category:name:android.intent.category.DEFAULT+data:host:firebase.auth+data:path:/+data:scheme:recaptcha
ADDED from [com.google.firebase:firebase-auth:21.2.0] AndroidManifest.xml:53:13-63:29
service#com.google.firebase.components.ComponentDiscoveryService
ADDED from [com.google.firebase:firebase-auth:21.2.0] AndroidManifest.xml:66:9-72:19
MERGED from [com.google.firebase:firebase-database:20.1.0] AndroidManifest.xml:28:9-34:19
MERGED from [com.google.firebase:firebase-database:20.1.0] AndroidManifest.xml:28:9-34:19
MERGED from [com.google.firebase:firebase-common:20.2.0] AndroidManifest.xml:32:9-36:35
MERGED from [com.google.firebase:firebase-common:20.2.0] AndroidManifest.xml:32:9-36:35
	android:exported
		ADDED from [com.google.firebase:firebase-auth:21.2.0] AndroidManifest.xml:68:13-37
	tools:targetApi
		ADDED from [com.google.firebase:firebase-common:20.2.0] AndroidManifest.xml:36:13-32
	android:directBootAware
		ADDED from [com.google.firebase:firebase-common:20.2.0] AndroidManifest.xml:34:13-43
	android:name
		ADDED from [com.google.firebase:firebase-auth:21.2.0] AndroidManifest.xml:67:13-84
meta-data#com.google.firebase.components:com.google.firebase.auth.FirebaseAuthRegistrar
ADDED from [com.google.firebase:firebase-auth:21.2.0] AndroidManifest.xml:69:13-71:85
	android:value
		ADDED from [com.google.firebase:firebase-auth:21.2.0] AndroidManifest.xml:71:17-82
	android:name
		ADDED from [com.google.firebase:firebase-auth:21.2.0] AndroidManifest.xml:70:17-109
meta-data#com.google.firebase.components:com.google.firebase.database.DatabaseRegistrar
ADDED from [com.google.firebase:firebase-database:20.1.0] AndroidManifest.xml:31:13-33:85
	android:value
		ADDED from [com.google.firebase:firebase-database:20.1.0] AndroidManifest.xml:33:17-82
	android:name